# JRE version: Java(TM) SE Runtime Environment (8.0_60-b27) (build 1.8.0_60-b27)
# Java VM: Java HotSpot(TM) 64-Bit Server VM (25.60-b23 mixed mode linux-amd64 compressed oops)
Heap:
 PSYoungGen      total 519680K, used 46585K [0x0000000780000000, 0x00000007a3d80000, 0x00000007c0000000)
  eden space 473088K, 0% used [0x0000000780000000,0x0000000780000000,0x000000079ce00000)
  from space 46592K, 99% used [0x000000079e280000,0x00000007a0ffe758,0x00000007a1000000)
  to   space 15360K, 0% used [0x00000007a2e80000,0x00000007a2e80000,0x00000007a3d80000)
 ParOldGen       total 349696K, used 53614K [0x0000000700000000, 0x0000000715580000, 0x0000000780000000)
  object space 349696K, 15% used [0x0000000700000000,0x000000070345b888,0x0000000715580000)
 Metaspace       used 45238K, capacity 45708K, committed 46080K, reserved 1089536K
  class space    used 5722K, capacity 5852K, committed 5888K, reserved 1048576K
GC Heap History (10 events):
Event: 3.820 GC heap after
Heap after GC invocations=4 (full 0):
 PSYoungGen      total 284672K, used 21489K [0x0000000780000000, 0x0000000792b00000, 0x00000007c0000000)
  eden space 263168K, 0% used [0x0000000780000000,0x0000000780000000,0x0000000790100000)
  from space 21504K, 99% used [0x0000000791600000,0x0000000792afc4d0,0x0000000792b00000)
  to   space 21504K, 0% used [0x0000000790100000,0x0000000790100000,0x0000000791600000)
 ParOldGen       total 349696K, used 37464K [0x0000000700000000, 0x0000000715580000, 0x0000000780000000)
  object space 349696K, 10% used [0x0000000700000000,0x0000000702496008,0x0000000715580000)
 Metaspace       used 15129K, capacity 15410K, committed 15616K, reserved 1062912K
  class space    used 1635K, capacity 1726K, committed 1792K, reserved 1048576K
}
Event: 4.662 GC heap before
{Heap before GC invocations=5 (full 0):
 PSYoungGen      total 284672K, used 165544K [0x0000000780000000, 0x0000000792b00000, 0x00000007c0000000)
  eden space 263168K, 54% used [0x0000000780000000,0x0000000788cadea8,0x0000000790100000)
  from space 21504K, 99% used [0x0000000791600000,0x0000000792afc4d0,0x0000000792b00000)
  to   space 21504K, 0% used [0x0000000790100000,0x0000000790100000,0x0000000791600000)
 ParOldGen       total 349696K, used 37464K [0x0000000700000000, 0x0000000715580000, 0x0000000780000000)
  object space 349696K, 10% used [0x0000000700000000,0x0000000702496008,0x0000000715580000)
 Metaspace       used 20903K, capacity 21122K, committed 21248K, reserved 1069056K
  class space    used 2394K, capacity 2500K, committed 2560K, reserved 1048576K
Event: 4.680 GC heap after
Heap after GC invocations=5 (full 0):
 PSYoungGen      total 284672K, used 21472K [0x0000000780000000, 0x00000007a5b00000, 0x00000007c0000000)
  eden space 263168K, 0% used [0x0000000780000000,0x0000000780000000,0x0000000790100000)
  from space 21504K, 99% used [0x0000000790100000,0x00000007915f8248,0x0000000791600000)
  to   space 45568K, 0% used [0x00000007a2e80000,0x00000007a2e80000,0x00000007a5b00000)
 ParOldGen       total 349696K, used 47716K [0x0000000700000000, 0x0000000715580000, 0x0000000780000000)
  object space 349696K, 13% used [0x0000000700000000,0x0000000702e992f0,0x0000000715580000)
 Metaspace       used 20903K, capacity 21122K, committed 21248K, reserved 1069056K
  class space    used 2394K, capacity 2500K, committed 2560K, reserved 1048576K
}
Event: 4.680 GC heap before
{Heap before GC invocations=6 (full 1):
 PSYoungGen      total 284672K, used 21472K [0x0000000780000000, 0x00000007a5b00000, 0x00000007c0000000)
  eden space 263168K, 0% used [0x0000000780000000,0x0000000780000000,0x0000000790100000)
  from space 21504K, 99% used [0x0000000790100000,0x00000007915f8248,0x0000000791600000)
  to   space 45568K, 0% used [0x00000007a2e80000,0x00000007a2e80000,0x00000007a5b00000)
 ParOldGen       total 349696K, used 47716K [0x0000000700000000, 0x0000000715580000, 0x0000000780000000)
  object space 349696K, 13% used [0x0000000700000000,0x0000000702e992f0,0x0000000715580000)
 Metaspace       used 20903K, capacity 21122K, committed 21248K, reserved 1069056K
  class space    used 2394K, capacity 2500K, committed 2560K, reserved 1048576K
Event: 4.713 GC heap after
Heap after GC invocations=6 (full 1):
 PSYoungGen      total 284672K, used 0K [0x0000000780000000, 0x00000007a5b00000, 0x00000007c0000000)
  eden space 263168K, 0% used [0x0000000780000000,0x0000000780000000,0x0000000790100000)
  from space 21504K, 0% used [0x0000000790100000,0x0000000790100000,0x0000000791600000)
  to   space 45568K, 0% used [0x00000007a2e80000,0x00000007a2e80000,0x00000007a5b00000)
 ParOldGen       total 349696K, used 30250K [0x0000000700000000, 0x0000000715580000, 0x0000000780000000)
  object space 349696K, 8% used [0x0000000700000000,0x0000000701d8aab8,0x0000000715580000)
 Metaspace       used 20903K, capacity 21122K, committed 21248K, reserved 1069056K
  class space    used 2394K, capacity 2500K, committed 2560K, reserved 1048576K
}
Event: 6.240 GC heap before
{Heap before GC invocations=7 (full 1):
 PSYoungGen      total 284672K, used 140997K [0x0000000780000000, 0x00000007a5b00000, 0x00000007c0000000)
  eden space 263168K, 53% used [0x0000000780000000,0x00000007889b15a8,0x0000000790100000)
  from space 21504K, 0% used [0x0000000790100000,0x0000000790100000,0x0000000791600000)
  to   space 45568K, 0% used [0x00000007a2e80000,0x00000007a2e80000,0x00000007a5b00000)
 ParOldGen       total 349696K, used 30250K [0x0000000700000000, 0x0000000715580000, 0x0000000780000000)
  object space 349696K, 8% used [0x0000000700000000,0x0000000701d8aab8,0x0000000715580000)
 Metaspace       used 34916K, capacity 35244K, committed 35416K, reserved 1081344K
  class space    used 4427K, capacity 4570K, committed 4608K, reserved 1048576K
Event: 6.258 GC heap after
Heap after GC invocations=7 (full 1):
 PSYoungGen      total 488448K, used 15268K [0x0000000780000000, 0x00000007a3d80000, 0x00000007c0000000)
  eden space 473088K, 0% used [0x0000000780000000,0x0000000780000000,0x000000079ce00000)
  from space 15360K, 99% used [0x00000007a2e80000,0x00000007a3d69008,0x00000007a3d80000)
  to   space 46592K, 0% used [0x000000079e280000,0x000000079e280000,0x00000007a1000000)
 ParOldGen       total 349696K, used 30258K [0x0000000700000000, 0x0000000715580000, 0x0000000780000000)
  object space 349696K, 8% used [0x0000000700000000,0x0000000701d8cab8,0x0000000715580000)
 Metaspace       used 34916K, capacity 35244K, committed 35416K, reserved 1081344K
  class space    used 4427K, capacity 4570K, committed 4608K, reserved 1048576K
}
Event: 6.258 GC heap before
{Heap before GC invocations=8 (full 2):
 PSYoungGen      total 488448K, used 15268K [0x0000000780000000, 0x00000007a3d80000, 0x00000007c0000000)
  eden space 473088K, 0% used [0x0000000780000000,0x0000000780000000,0x000000079ce00000)
  from space 15360K, 99% used [0x00000007a2e80000,0x00000007a3d69008,0x00000007a3d80000)
  to   space 46592K, 0% used [0x000000079e280000,0x000000079e280000,0x00000007a1000000)
 ParOldGen       total 349696K, used 30258K [0x0000000700000000, 0x0000000715580000, 0x0000000780000000)
  object space 349696K, 8% used [0x0000000700000000,0x0000000701d8cab8,0x0000000715580000)
 Metaspace       used 34916K, capacity 35244K, committed 35416K, reserved 1081344K
  class space    used 4427K, capacity 4570K, committed 4608K, reserved 1048576K
Event: 6.302 GC heap after
Heap after GC invocations=8 (full 2):
 PSYoungGen      total 488448K, used 0K [0x0000000780000000, 0x00000007a3d80000, 0x00000007c0000000)
  eden space 473088K, 0% used [0x0000000780000000,0x0000000780000000,0x000000079ce00000)
  from space 15360K, 0% used [0x00000007a2e80000,0x00000007a2e80000,0x00000007a3d80000)
  to   space 46592K, 0% used [0x000000079e280000,0x000000079e280000,0x00000007a1000000)
 ParOldGen       total 349696K, used 29998K [0x0000000700000000, 0x0000000715580000, 0x0000000780000000)
  object space 349696K, 8% used [0x0000000700000000,0x0000000701d4b858,0x0000000715580000)
 Metaspace       used 34916K, capacity 35244K, committed 35416K, reserved 1081344K
  class space    used 4427K, capacity 4570K, committed 4608K, reserved 1048576K
}
Event: 10.494 GC heap before
{Heap before GC invocations=9 (full 2):
 PSYoungGen      total 488448K, used 473088K [0x0000000780000000, 0x00000007a3d80000, 0x00000007c0000000)
  eden space 473088K, 100% used [0x0000000780000000,0x000000079ce00000,0x000000079ce00000)
  from space 15360K, 0% used [0x00000007a2e80000,0x00000007a2e80000,0x00000007a3d80000)
  to   space 46592K, 0% used [0x000000079e280000,0x000000079e280000,0x00000007a1000000)
 ParOldGen       total 349696K, used 29998K [0x0000000700000000, 0x0000000715580000, 0x0000000780000000)
  object space 349696K, 8% used [0x0000000700000000,0x0000000701d4b858,0x0000000715580000)
 Metaspace       used 45238K, capacity 45708K, committed 46080K, reserved 1089536K
  class space    used 5722K, capacity 5852K, committed 5888K, reserved 1048576K

